<?xml version="1.0" encoding="utf-8"?><testsuites name="pytest tests"><testsuite name="pytest" errors="0" failures="0" skipped="0" tests="11" time="4.205" timestamp="2026-05-01T14:45:36.754645+00:00" hostname="agent-env-e3069611-e579-463d-b219-79f2186282a5"><testcase classname="backend.tests.test_rate_limit_cancel_reschedule.TestOtpRateLimit" name="test_second_request_within_30s_blocked" time="0.334" /><testcase classname="backend.tests.test_rate_limit_cancel_reschedule.TestOtpRateLimit" name="test_different_phone_not_blocked" time="0.138" /><testcase classname="backend.tests.test_rate_limit_cancel_reschedule.TestCancelBooking" name="test_cancel_success" time="0.378" /><testcase classname="backend.tests.test_rate_limit_cancel_reschedule.TestCancelBooking" name="test_cancel_twice_400" time="0.349" /><testcase classname="backend.tests.test_rate_limit_cancel_reschedule.TestCancelBooking" name="test_cancel_no_token" time="0.278" /><testcase classname="backend.tests.test_rate_limit_cancel_reschedule.TestCancelBooking" name="test_cancel_other_user" time="0.432" /><testcase classname="backend.tests.test_rate_limit_cancel_reschedule.TestRescheduleBooking" name="test_reschedule_success" time="0.277" /><testcase classname="backend.tests.test_rate_limit_cancel_reschedule.TestRescheduleBooking" name="test_reschedule_too_soon" time="0.285" /><testcase classname="backend.tests.test_rate_limit_cancel_reschedule.TestRescheduleBooking" name="test_reschedule_cancelled" time="0.354" /><testcase classname="backend.tests.test_rate_limit_cancel_reschedule.TestRescheduleBooking" name="test_reschedule_malformed" time="0.276" /><testcase classname="backend.tests.test_rate_limit_cancel_reschedule.TestTrackingFrozenOnCancel" name="test_tracking_frozen" time="0.919" /></testsuite></testsuites>