<?xml version="1.0" encoding="utf-8"?><testsuites name="pytest tests"><testsuite name="pytest" errors="0" failures="0" skipped="0" tests="7" time="2.136" timestamp="2026-05-01T15:15:24.568710+00:00" hostname="agent-env-e3069611-e579-463d-b219-79f2186282a5"><testcase classname="backend.tests.test_provider_matching.TestAvailability" name="test_availability_in_range" time="0.283" /><testcase classname="backend.tests.test_provider_matching.TestAvailability" name="test_availability_out_of_range" time="0.049" /><testcase classname="backend.tests.test_provider_matching.TestBookingProviderMatching" name="test_booking_in_range_assigns_nearby_provider" time="0.217" /><testcase classname="backend.tests.test_provider_matching.TestBookingProviderMatching" name="test_booking_out_of_range_503" time="0.050" /><testcase classname="backend.tests.test_provider_matching.TestBookingProviderMatching" name="test_provider_reserved_then_released_on_cancel" time="0.250" /><testcase classname="backend.tests.test_provider_matching.TestBookingProviderMatching" name="test_out_of_radius_seeds_never_assigned" time="0.744" /><testcase classname="backend.tests.test_provider_matching.TestTrackingOnMatchedProvider" name="test_tracking_converges" time="0.263" /></testsuite></testsuites>