<?xml version="1.0" encoding="utf-8"?><testsuites name="pytest tests"><testsuite name="pytest" errors="0" failures="0" skipped="0" tests="19" time="3.169" timestamp="2026-05-01T14:29:08.248422+00:00" hostname="agent-env-e3069611-e579-463d-b219-79f2186282a5"><testcase classname="backend.tests.test_auth_bookings.TestRequestOtp" name="test_request_otp_valid" time="0.194" /><testcase classname="backend.tests.test_auth_bookings.TestRequestOtp" name="test_request_otp_short_phone" time="0.063" /><testcase classname="backend.tests.test_auth_bookings.TestRequestOtp" name="test_request_otp_strips_country_code" time="0.057" /><testcase classname="backend.tests.test_auth_bookings.TestVerifyOtp" name="test_verify_full_flow" time="0.220" /><testcase classname="backend.tests.test_auth_bookings.TestVerifyOtp" name="test_verify_wrong_otp" time="0.112" /><testcase classname="backend.tests.test_auth_bookings.TestVerifyOtp" name="test_verify_nonexistent_otp_id" time="0.052" /><testcase classname="backend.tests.test_auth_bookings.TestMe" name="test_me_with_token" time="0.173" /><testcase classname="backend.tests.test_auth_bookings.TestMe" name="test_me_without_token" time="0.063" /><testcase classname="backend.tests.test_auth_bookings.TestMe" name="test_me_invalid_token" time="0.058" /><testcase classname="backend.tests.test_auth_bookings.TestServicesPublic" name="test_services_public" time="0.052" /><testcase classname="backend.tests.test_auth_bookings.TestBookingAuthRequired" name="test_list_bookings_no_auth" time="0.053" /><testcase classname="backend.tests.test_auth_bookings.TestBookingAuthRequired" name="test_create_booking_no_auth" time="0.056" /><testcase classname="backend.tests.test_auth_bookings.TestBookingAuthRequired" name="test_get_booking_no_auth" time="0.053" /><testcase classname="backend.tests.test_auth_bookings.TestBookingAuthRequired" name="test_payment_no_auth" time="0.051" /><testcase classname="backend.tests.test_auth_bookings.TestBookingAuthRequired" name="test_status_no_auth" time="0.054" /><testcase classname="backend.tests.test_auth_bookings.TestBookingAuthRequired" name="test_tracking_no_auth" time="0.050" /><testcase classname="backend.tests.test_auth_bookings.TestBookingsAuthed" name="test_create_booking_autofills_phone_and_name" time="0.291" /><testcase classname="backend.tests.test_auth_bookings.TestBookingsAuthed" name="test_multi_tenant_isolation" time="0.462" /><testcase classname="backend.tests.test_auth_bookings.TestBookingsAuthed" name="test_tracking_progresses_provider" time="0.835" /></testsuite></testsuites>